# JRE version: OpenJDK Runtime Environment Temurin-21.0.6+7 (21.0.6+7) (build 21.0.6+7-LTS)
# Java VM: OpenJDK 64-Bit Server VM Temurin-21.0.6+7 (21.0.6+7-LTS, mixed mode, emulated-client, sharing, tiered, compressed oops, compressed class ptrs, g1 gc, windows-amd64)
GC Precious Log:
 CardTable entry size: 512
 Card Set container configuration: InlinePtr #cards 5 size 8 Array Of Cards #cards 12 size 40 Howl #buckets 4 coarsen threshold 1843 Howl Bitmap #cards 512 size 80 coarsen threshold 460 Card regions per heap region 1 cards per card region 2048
 CPUs: 8 total, 8 available
 Memory: 7959M
 Large Page Support: Disabled
 NUMA Support: Disabled
 Compressed Oops: Enabled (32-bit)
 Heap Region Size: 1M
 Heap Min Capacity: 8M
 Heap Initial Capacity: 126M
 Heap Max Capacity: 1990M
 Pre-touch: Disabled
 Parallel Workers: 8
 Concurrent Workers: 2
 Concurrent Refinement Workers: 8
 Periodic GC: Disabled
Heap:
 garbage-first heap   total 86016K, used 37192K [0x0000000083a00000, 0x0000000100000000)
  region size 1024K, 6 young (6144K), 4 survivors (4096K)
 Metaspace       used 66596K, committed 67264K, reserved 1114112K
  class space    used 9173K, committed 9472K, reserved 1048576K
GC Heap History (20 events):
Event: 4.766 GC heap before
{Heap before GC invocations=14 (full 0):
 garbage-first heap   total 71680K, used 62300K [0x0000000083a00000, 0x0000000100000000)
  region size 1024K, 42 young (43008K), 4 survivors (4096K)
 Metaspace       used 38836K, committed 39424K, reserved 1114112K
  class space    used 5211K, committed 5504K, reserved 1048576K
}
Event: 4.770 GC heap after
{Heap after GC invocations=15 (full 0):
 garbage-first heap   total 71680K, used 25438K [0x0000000083a00000, 0x0000000100000000)
  region size 1024K, 5 young (5120K), 5 survivors (5120K)
 Metaspace       used 38836K, committed 39424K, reserved 1114112K
  class space    used 5211K, committed 5504K, reserved 1048576K
}
Event: 5.170 GC heap before
{Heap before GC invocations=15 (full 0):
 garbage-first heap   total 71680K, used 61278K [0x0000000083a00000, 0x0000000100000000)
  region size 1024K, 41 young (41984K), 5 survivors (5120K)
 Metaspace       used 42190K, committed 42816K, reserved 1114112K
  class space    used 5658K, committed 5952K, reserved 1048576K
}
Event: 5.176 GC heap after
{Heap after GC invocations=16 (full 0):
 garbage-first heap   total 71680K, used 28486K [0x0000000083a00000, 0x0000000100000000)
  region size 1024K, 6 young (6144K), 6 survivors (6144K)
 Metaspace       used 42190K, committed 42816K, reserved 1114112K
  class space    used 5658K, committed 5952K, reserved 1048576K
}
Event: 5.437 GC heap before
{Heap before GC invocations=16 (full 0):
 garbage-first heap   total 71680K, used 61254K [0x0000000083a00000, 0x0000000100000000)
  region size 1024K, 38 young (38912K), 6 survivors (6144K)
 Metaspace       used 45433K, committed 46080K, reserved 1114112K
  class space    used 6207K, committed 6528K, reserved 1048576K
}
Event: 5.441 GC heap after
{Heap after GC invocations=17 (full 0):
 garbage-first heap   total 86016K, used 29899K [0x0000000083a00000, 0x0000000100000000)
  region size 1024K, 2 young (2048K), 2 survivors (2048K)
 Metaspace       used 45433K, committed 46080K, reserved 1114112K
  class space    used 6207K, committed 6528K, reserved 1048576K
}
Event: 5.829 GC heap before
{Heap before GC invocations=17 (full 0):
 garbage-first heap   total 86016K, used 77003K [0x0000000083a00000, 0x0000000100000000)
  region size 1024K, 48 young (49152K), 2 survivors (2048K)
 Metaspace       used 49300K, committed 49984K, reserved 1114112K
  class space    used 6724K, committed 7040K, reserved 1048576K
}
Event: 5.832 GC heap after
{Heap after GC invocations=18 (full 0):
 garbage-first heap   total 86016K, used 31088K [0x0000000083a00000, 0x0000000100000000)
  region size 1024K, 3 young (3072K), 3 survivors (3072K)
 Metaspace       used 49300K, committed 49984K, reserved 1114112K
  class space    used 6724K, committed 7040K, reserved 1048576K
}
Event: 6.337 GC heap before
{Heap before GC invocations=18 (full 0):
 garbage-first heap   total 86016K, used 77168K [0x0000000083a00000, 0x0000000100000000)
  region size 1024K, 48 young (49152K), 3 survivors (3072K)
 Metaspace       used 52543K, committed 53248K, reserved 1114112K
  class space    used 7265K, committed 7616K, reserved 1048576K
}
Event: 6.341 GC heap after
{Heap after GC invocations=19 (full 0):
 garbage-first heap   total 86016K, used 33425K [0x0000000083a00000, 0x0000000100000000)
  region size 1024K, 5 young (5120K), 5 survivors (5120K)
 Metaspace       used 52543K, committed 53248K, reserved 1114112K
  class space    used 7265K, committed 7616K, reserved 1048576K
}
Event: 7.252 GC heap before
{Heap before GC invocations=19 (full 0):
 garbage-first heap   total 86016K, used 75409K [0x0000000083a00000, 0x0000000100000000)
  region size 1024K, 46 young (47104K), 5 survivors (5120K)
 Metaspace       used 55600K, committed 56384K, reserved 1114112K
  class space    used 7705K, committed 8064K, reserved 1048576K
}
Event: 7.257 GC heap after
{Heap after GC invocations=20 (full 0):
 garbage-first heap   total 86016K, used 35359K [0x0000000083a00000, 0x0000000100000000)
  region size 1024K, 5 young (5120K), 5 survivors (5120K)
 Metaspace       used 55600K, committed 56384K, reserved 1114112K
  class space    used 7705K, committed 8064K, reserved 1048576K
}
Event: 605.814 GC heap before
{Heap before GC invocations=20 (full 0):
 garbage-first heap   total 86016K, used 73247K [0x0000000083a00000, 0x0000000100000000)
  region size 1024K, 43 young (44032K), 5 survivors (5120K)
 Metaspace       used 58400K, committed 59264K, reserved 1114112K
  class space    used 8097K, committed 8512K, reserved 1048576K
}
Event: 605.856 GC heap after
{Heap after GC invocations=21 (full 0):
 garbage-first heap   total 86016K, used 36411K [0x0000000083a00000, 0x0000000100000000)
  region size 1024K, 4 young (4096K), 4 survivors (4096K)
 Metaspace       used 58400K, committed 59264K, reserved 1114112K
  class space    used 8097K, committed 8512K, reserved 1048576K
}
Event: 606.745 GC heap before
{Heap before GC invocations=21 (full 0):
 garbage-first heap   total 86016K, used 48699K [0x0000000083a00000, 0x0000000100000000)
  region size 1024K, 17 young (17408K), 4 survivors (4096K)
 Metaspace       used 59663K, committed 60480K, reserved 1114112K
  class space    used 8303K, committed 8704K, reserved 1048576K
}
Event: 606.763 GC heap after
{Heap after GC invocations=22 (full 0):
 garbage-first heap   total 86016K, used 36178K [0x0000000083a00000, 0x0000000100000000)
  region size 1024K, 4 young (4096K), 4 survivors (4096K)
 Metaspace       used 59663K, committed 60480K, reserved 1114112K
  class space    used 8303K, committed 8704K, reserved 1048576K
}
Event: 608.010 GC heap before
{Heap before GC invocations=23 (full 0):
 garbage-first heap   total 86016K, used 74066K [0x0000000083a00000, 0x0000000100000000)
  region size 1024K, 42 young (43008K), 4 survivors (4096K)
 Metaspace       used 63012K, committed 63616K, reserved 1114112K
  class space    used 8671K, committed 8960K, reserved 1048576K
}
Event: 608.018 GC heap after
{Heap after GC invocations=24 (full 0):
 garbage-first heap   total 86016K, used 37654K [0x0000000083a00000, 0x0000000100000000)
  region size 1024K, 5 young (5120K), 5 survivors (5120K)
 Metaspace       used 63012K, committed 63616K, reserved 1114112K
  class space    used 8671K, committed 8960K, reserved 1048576K
}
Event: 855.096 GC heap before
{Heap before GC invocations=24 (full 0):
 garbage-first heap   total 86016K, used 73494K [0x0000000083a00000, 0x0000000100000000)
  region size 1024K, 41 young (41984K), 5 survivors (5120K)
 Metaspace       used 66569K, committed 67200K, reserved 1114112K
  class space    used 9166K, committed 9472K, reserved 1048576K
}
Event: 855.179 GC heap after
{Heap after GC invocations=25 (full 0):
 garbage-first heap   total 86016K, used 36168K [0x0000000083a00000, 0x0000000100000000)
  region size 1024K, 4 young (4096K), 4 survivors (4096K)
 Metaspace       used 66569K, committed 67200K, reserved 1114112K
  class space    used 9166K, committed 9472K, reserved 1048576K
}

