# JRE version: OpenJDK Runtime Environment Temurin-21.0.6+7 (21.0.6+7) (build 21.0.6+7-LTS)
# Java VM: OpenJDK 64-Bit Server VM Temurin-21.0.6+7 (21.0.6+7-LTS, mixed mode, emulated-client, sharing, tiered, compressed oops, compressed class ptrs, g1 gc, windows-amd64)
GC Precious Log:
 CardTable entry size: 512
 Card Set container configuration: InlinePtr #cards 5 size 8 Array Of Cards #cards 12 size 40 Howl #buckets 4 coarsen threshold 1843 Howl Bitmap #cards 512 size 80 coarsen threshold 460 Card regions per heap region 1 cards per card region 2048
 CPUs: 8 total, 8 available
 Memory: 7959M
 Large Page Support: Disabled
 NUMA Support: Disabled
 Compressed Oops: Enabled (32-bit)
 Heap Region Size: 1M
 Heap Min Capacity: 8M
 Heap Initial Capacity: 126M
 Heap Max Capacity: 1990M
 Pre-touch: Disabled
 Parallel Workers: 8
 Concurrent Workers: 2
 Concurrent Refinement Workers: 8
 Periodic GC: Disabled
Heap:
 garbage-first heap   total 82944K, used 49442K [0x0000000083a00000, 0x0000000100000000)
  region size 1024K, 18 young (18432K), 4 survivors (4096K)
 Metaspace       used 66365K, committed 67008K, reserved 1114112K
  class space    used 9159K, committed 9472K, reserved 1048576K
GC Heap History (20 events):
Event: 5.317 GC heap before
{Heap before GC invocations=15 (full 0):
 garbage-first heap   total 68608K, used 59857K [0x0000000083a00000, 0x0000000100000000)
  region size 1024K, 40 young (40960K), 4 survivors (4096K)
 Metaspace       used 38566K, committed 39232K, reserved 1114112K
  class space    used 5169K, committed 5504K, reserved 1048576K
}
Event: 5.324 GC heap after
{Heap after GC invocations=16 (full 0):
 garbage-first heap   total 68608K, used 25013K [0x0000000083a00000, 0x0000000100000000)
  region size 1024K, 4 young (4096K), 4 survivors (4096K)
 Metaspace       used 38566K, committed 39232K, reserved 1114112K
  class space    used 5169K, committed 5504K, reserved 1048576K
}
Event: 5.773 GC heap before
{Heap before GC invocations=16 (full 0):
 garbage-first heap   total 68608K, used 58805K [0x0000000083a00000, 0x0000000100000000)
  region size 1024K, 38 young (38912K), 4 survivors (4096K)
 Metaspace       used 41655K, committed 42368K, reserved 1114112K
  class space    used 5577K, committed 5888K, reserved 1048576K
}
Event: 5.781 GC heap after
{Heap after GC invocations=17 (full 0):
 garbage-first heap   total 68608K, used 27872K [0x0000000083a00000, 0x0000000100000000)
  region size 1024K, 5 young (5120K), 5 survivors (5120K)
 Metaspace       used 41655K, committed 42368K, reserved 1114112K
  class space    used 5577K, committed 5888K, reserved 1048576K
}
Event: 6.067 GC heap before
{Heap before GC invocations=17 (full 0):
 garbage-first heap   total 68608K, used 58592K [0x0000000083a00000, 0x0000000100000000)
  region size 1024K, 35 young (35840K), 5 survivors (5120K)
 Metaspace       used 44782K, committed 45440K, reserved 1114112K
  class space    used 6113K, committed 6400K, reserved 1048576K
}
Event: 6.072 GC heap after
{Heap after GC invocations=18 (full 0):
 garbage-first heap   total 82944K, used 29977K [0x0000000083a00000, 0x0000000100000000)
  region size 1024K, 2 young (2048K), 2 survivors (2048K)
 Metaspace       used 44782K, committed 45440K, reserved 1114112K
  class space    used 6113K, committed 6400K, reserved 1048576K
}
Event: 6.428 GC heap before
{Heap before GC invocations=18 (full 0):
 garbage-first heap   total 82944K, used 72985K [0x0000000083a00000, 0x0000000100000000)
  region size 1024K, 44 young (45056K), 2 survivors (2048K)
 Metaspace       used 48481K, committed 49216K, reserved 1114112K
  class space    used 6608K, committed 6912K, reserved 1048576K
}
Event: 6.431 GC heap after
{Heap after GC invocations=19 (full 0):
 garbage-first heap   total 82944K, used 30803K [0x0000000083a00000, 0x0000000100000000)
  region size 1024K, 3 young (3072K), 3 survivors (3072K)
 Metaspace       used 48481K, committed 49216K, reserved 1114112K
  class space    used 6608K, committed 6912K, reserved 1048576K
}
Event: 6.964 GC heap before
{Heap before GC invocations=19 (full 0):
 garbage-first heap   total 82944K, used 73811K [0x0000000083a00000, 0x0000000100000000)
  region size 1024K, 45 young (46080K), 3 survivors (3072K)
 Metaspace       used 51438K, committed 52160K, reserved 1114112K
  class space    used 7071K, committed 7424K, reserved 1048576K
}
Event: 6.970 GC heap after
{Heap after GC invocations=20 (full 0):
 garbage-first heap   total 82944K, used 33183K [0x0000000083a00000, 0x0000000100000000)
  region size 1024K, 5 young (5120K), 5 survivors (5120K)
 Metaspace       used 51438K, committed 52160K, reserved 1114112K
  class space    used 7071K, committed 7424K, reserved 1048576K
}
Event: 7.361 GC heap before
{Heap before GC invocations=20 (full 0):
 garbage-first heap   total 82944K, used 72095K [0x0000000083a00000, 0x0000000100000000)
  region size 1024K, 43 young (44032K), 5 survivors (5120K)
 Metaspace       used 54393K, committed 55168K, reserved 1114112K
  class space    used 7504K, committed 7872K, reserved 1048576K
}
Event: 7.368 GC heap after
{Heap after GC invocations=21 (full 0):
 garbage-first heap   total 82944K, used 34778K [0x0000000083a00000, 0x0000000100000000)
  region size 1024K, 5 young (5120K), 5 survivors (5120K)
 Metaspace       used 54393K, committed 55168K, reserved 1114112K
  class space    used 7504K, committed 7872K, reserved 1048576K
}
Event: 8.088 GC heap before
{Heap before GC invocations=21 (full 0):
 garbage-first heap   total 82944K, used 70618K [0x0000000083a00000, 0x0000000100000000)
  region size 1024K, 41 young (41984K), 5 survivors (5120K)
 Metaspace       used 56780K, committed 57600K, reserved 1114112K
  class space    used 7883K, committed 8256K, reserved 1048576K
}
Event: 8.094 GC heap after
{Heap after GC invocations=22 (full 0):
 garbage-first heap   total 82944K, used 36486K [0x0000000083a00000, 0x0000000100000000)
  region size 1024K, 4 young (4096K), 4 survivors (4096K)
 Metaspace       used 56780K, committed 57600K, reserved 1114112K
  class space    used 7883K, committed 8256K, reserved 1048576K
}
Event: 1125.743 GC heap before
{Heap before GC invocations=22 (full 0):
 garbage-first heap   total 82944K, used 67206K [0x0000000083a00000, 0x0000000100000000)
  region size 1024K, 35 young (35840K), 4 survivors (4096K)
 Metaspace       used 59286K, committed 60096K, reserved 1114112K
  class space    used 8242K, committed 8640K, reserved 1048576K
}
Event: 1125.795 GC heap after
{Heap after GC invocations=23 (full 0):
 garbage-first heap   total 82944K, used 37258K [0x0000000083a00000, 0x0000000100000000)
  region size 1024K, 3 young (3072K), 3 survivors (3072K)
 Metaspace       used 59286K, committed 60096K, reserved 1114112K
  class space    used 8242K, committed 8640K, reserved 1048576K
}
Event: 1155.044 GC heap before
{Heap before GC invocations=24 (full 0):
 garbage-first heap   total 82944K, used 73098K [0x0000000083a00000, 0x0000000100000000)
  region size 1024K, 39 young (39936K), 3 survivors (3072K)
 Metaspace       used 62235K, committed 62912K, reserved 1114112K
  class space    used 8574K, committed 8896K, reserved 1048576K
}
Event: 1155.060 GC heap after
{Heap after GC invocations=25 (full 0):
 garbage-first heap   total 82944K, used 38317K [0x0000000083a00000, 0x0000000100000000)
  region size 1024K, 4 young (4096K), 4 survivors (4096K)
 Metaspace       used 62235K, committed 62912K, reserved 1114112K
  class space    used 8574K, committed 8896K, reserved 1048576K
}
Event: 1155.655 GC heap before
{Heap before GC invocations=25 (full 0):
 garbage-first heap   total 82944K, used 72109K [0x0000000083a00000, 0x0000000100000000)
  region size 1024K, 38 young (38912K), 4 survivors (4096K)
 Metaspace       used 66070K, committed 66752K, reserved 1114112K
  class space    used 9097K, committed 9408K, reserved 1048576K
}
Event: 1155.672 GC heap after
{Heap after GC invocations=26 (full 0):
 garbage-first heap   total 82944K, used 36130K [0x0000000083a00000, 0x0000000100000000)
  region size 1024K, 4 young (4096K), 4 survivors (4096K)
 Metaspace       used 66070K, committed 66752K, reserved 1114112K
  class space    used 9097K, committed 9408K, reserved 1048576K
}

