# JRE version: OpenJDK Runtime Environment Temurin-21.0.6+7 (21.0.6+7) (build 21.0.6+7-LTS)
# Java VM: OpenJDK 64-Bit Server VM Temurin-21.0.6+7 (21.0.6+7-LTS, mixed mode, emulated-client, sharing, tiered, compressed oops, compressed class ptrs, g1 gc, windows-amd64)
GC Precious Log:
 CardTable entry size: 512
 Card Set container configuration: InlinePtr #cards 5 size 8 Array Of Cards #cards 12 size 40 Howl #buckets 4 coarsen threshold 1843 Howl Bitmap #cards 512 size 80 coarsen threshold 460 Card regions per heap region 1 cards per card region 2048
 CPUs: 8 total, 8 available
 Memory: 7959M
 Large Page Support: Disabled
 NUMA Support: Disabled
 Compressed Oops: Enabled (32-bit)
 Heap Region Size: 1M
 Heap Min Capacity: 8M
 Heap Initial Capacity: 126M
 Heap Max Capacity: 1990M
 Pre-touch: Disabled
 Parallel Workers: 8
 Concurrent Workers: 2
 Concurrent Refinement Workers: 8
 Periodic GC: Disabled
Heap:
 garbage-first heap   total 95232K, used 80601K [0x0000000083a00000, 0x0000000100000000)
  region size 1024K, 47 young (48128K), 4 survivors (4096K)
 Metaspace       used 66954K, committed 67776K, reserved 1114112K
  class space    used 9240K, committed 9600K, reserved 1048576K
GC Heap History (20 events):
Event: 3.702 GC heap before
{Heap before GC invocations=14 (full 0):
 garbage-first heap   total 65536K, used 56915K [0x0000000083a00000, 0x0000000100000000)
  region size 1024K, 38 young (38912K), 4 survivors (4096K)
 Metaspace       used 32867K, committed 33408K, reserved 1114112K
  class space    used 4362K, committed 4608K, reserved 1048576K
}
Event: 3.708 GC heap after
{Heap after GC invocations=15 (full 0):
 garbage-first heap   total 78848K, used 22161K [0x0000000083a00000, 0x0000000100000000)
  region size 1024K, 3 young (3072K), 3 survivors (3072K)
 Metaspace       used 32867K, committed 33408K, reserved 1114112K
  class space    used 4362K, committed 4608K, reserved 1048576K
}
Event: 4.076 GC heap before
{Heap before GC invocations=15 (full 0):
 garbage-first heap   total 78848K, used 66193K [0x0000000083a00000, 0x0000000100000000)
  region size 1024K, 46 young (47104K), 3 survivors (3072K)
 Metaspace       used 36128K, committed 36608K, reserved 1114112K
  class space    used 4841K, committed 5056K, reserved 1048576K
}
Event: 4.085 GC heap after
{Heap after GC invocations=16 (full 0):
 garbage-first heap   total 78848K, used 23986K [0x0000000083a00000, 0x0000000100000000)
  region size 1024K, 5 young (5120K), 5 survivors (5120K)
 Metaspace       used 36128K, committed 36608K, reserved 1114112K
  class space    used 4841K, committed 5056K, reserved 1048576K
}
Event: 4.566 GC heap before
{Heap before GC invocations=16 (full 0):
 garbage-first heap   total 78848K, used 65970K [0x0000000083a00000, 0x0000000100000000)
  region size 1024K, 46 young (47104K), 5 survivors (5120K)
 Metaspace       used 39484K, committed 40192K, reserved 1114112K
  class space    used 5300K, committed 5632K, reserved 1048576K
}
Event: 4.579 GC heap after
{Heap after GC invocations=17 (full 0):
 garbage-first heap   total 78848K, used 26408K [0x0000000083a00000, 0x0000000100000000)
  region size 1024K, 5 young (5120K), 5 survivors (5120K)
 Metaspace       used 39484K, committed 40192K, reserved 1114112K
  class space    used 5300K, committed 5632K, reserved 1048576K
}
Event: 5.030 GC heap before
{Heap before GC invocations=17 (full 0):
 garbage-first heap   total 78848K, used 66344K [0x0000000083a00000, 0x0000000100000000)
  region size 1024K, 45 young (46080K), 5 survivors (5120K)
 Metaspace       used 43755K, committed 44416K, reserved 1114112K
  class space    used 5908K, committed 6208K, reserved 1048576K
}
Event: 5.037 GC heap after
{Heap after GC invocations=18 (full 0):
 garbage-first heap   total 78848K, used 29543K [0x0000000083a00000, 0x0000000100000000)
  region size 1024K, 6 young (6144K), 6 survivors (6144K)
 Metaspace       used 43755K, committed 44416K, reserved 1114112K
  class space    used 5908K, committed 6208K, reserved 1048576K
}
Event: 5.302 GC heap before
{Heap before GC invocations=18 (full 0):
 garbage-first heap   total 78848K, used 67431K [0x0000000083a00000, 0x0000000100000000)
  region size 1024K, 43 young (44032K), 6 survivors (6144K)
 Metaspace       used 47052K, committed 47744K, reserved 1114112K
  class space    used 6390K, committed 6720K, reserved 1048576K
}
Event: 5.311 GC heap after
{Heap after GC invocations=19 (full 0):
 garbage-first heap   total 95232K, used 30250K [0x0000000083a00000, 0x0000000100000000)
  region size 1024K, 1 young (1024K), 1 survivors (1024K)
 Metaspace       used 47052K, committed 47744K, reserved 1114112K
  class space    used 6390K, committed 6720K, reserved 1048576K
}
Event: 5.473 GC heap before
{Heap before GC invocations=19 (full 0):
 garbage-first heap   total 95232K, used 45610K [0x0000000083a00000, 0x0000000100000000)
  region size 1024K, 17 young (17408K), 1 survivors (1024K)
 Metaspace       used 48398K, committed 49088K, reserved 1114112K
  class space    used 6593K, committed 6912K, reserved 1048576K
}
Event: 5.477 GC heap after
{Heap after GC invocations=20 (full 0):
 garbage-first heap   total 95232K, used 30858K [0x0000000083a00000, 0x0000000100000000)
  region size 1024K, 2 young (2048K), 2 survivors (2048K)
 Metaspace       used 48398K, committed 49088K, reserved 1114112K
  class space    used 6593K, committed 6912K, reserved 1048576K
}
Event: 6.191 GC heap before
{Heap before GC invocations=21 (full 0):
 garbage-first heap   total 95232K, used 85130K [0x0000000083a00000, 0x0000000100000000)
  region size 1024K, 55 young (56320K), 2 survivors (2048K)
 Metaspace       used 52037K, committed 52736K, reserved 1114112K
  class space    used 7218K, committed 7552K, reserved 1048576K
}
Event: 6.196 GC heap after
{Heap after GC invocations=22 (full 0):
 garbage-first heap   total 95232K, used 33629K [0x0000000083a00000, 0x0000000100000000)
  region size 1024K, 5 young (5120K), 5 survivors (5120K)
 Metaspace       used 52037K, committed 52736K, reserved 1114112K
  class space    used 7218K, committed 7552K, reserved 1048576K
}
Event: 7.235 GC heap before
{Heap before GC invocations=22 (full 0):
 garbage-first heap   total 95232K, used 81757K [0x0000000083a00000, 0x0000000100000000)
  region size 1024K, 53 young (54272K), 5 survivors (5120K)
 Metaspace       used 55478K, committed 56256K, reserved 1114112K
  class space    used 7719K, committed 8064K, reserved 1048576K
}
Event: 7.241 GC heap after
{Heap after GC invocations=23 (full 0):
 garbage-first heap   total 95232K, used 35756K [0x0000000083a00000, 0x0000000100000000)
  region size 1024K, 7 young (7168K), 7 survivors (7168K)
 Metaspace       used 55478K, committed 56256K, reserved 1114112K
  class space    used 7719K, committed 8064K, reserved 1048576K
}
Event: 22.559 GC heap before
{Heap before GC invocations=23 (full 0):
 garbage-first heap   total 95232K, used 79788K [0x0000000083a00000, 0x0000000100000000)
  region size 1024K, 51 young (52224K), 7 survivors (7168K)
 Metaspace       used 59404K, committed 60224K, reserved 1114112K
  class space    used 8302K, committed 8704K, reserved 1048576K
}
Event: 22.582 GC heap after
{Heap after GC invocations=24 (full 0):
 garbage-first heap   total 95232K, used 36521K [0x0000000083a00000, 0x0000000100000000)
  region size 1024K, 4 young (4096K), 4 survivors (4096K)
 Metaspace       used 59404K, committed 60224K, reserved 1114112K
  class space    used 8302K, committed 8704K, reserved 1048576K
}
Event: 36.330 GC heap before
{Heap before GC invocations=24 (full 0):
 garbage-first heap   total 95232K, used 83625K [0x0000000083a00000, 0x0000000100000000)
  region size 1024K, 51 young (52224K), 4 survivors (4096K)
 Metaspace       used 64351K, committed 65216K, reserved 1114112K
  class space    used 8871K, committed 9280K, reserved 1048576K
}
Event: 36.338 GC heap after
{Heap after GC invocations=25 (full 0):
 garbage-first heap   total 95232K, used 38617K [0x0000000083a00000, 0x0000000100000000)
  region size 1024K, 4 young (4096K), 4 survivors (4096K)
 Metaspace       used 64351K, committed 65216K, reserved 1114112K
  class space    used 8871K, committed 9280K, reserved 1048576K
}

