# JRE version: OpenJDK Runtime Environment Temurin-21.0.6+7 (21.0.6+7) (build 21.0.6+7-LTS)
# Java VM: OpenJDK 64-Bit Server VM Temurin-21.0.6+7 (21.0.6+7-LTS, mixed mode, emulated-client, sharing, tiered, compressed oops, compressed class ptrs, g1 gc, windows-amd64)
GC Precious Log:
 CardTable entry size: 512
 Card Set container configuration: InlinePtr #cards 5 size 8 Array Of Cards #cards 12 size 40 Howl #buckets 4 coarsen threshold 1843 Howl Bitmap #cards 512 size 80 coarsen threshold 460 Card regions per heap region 1 cards per card region 2048
 CPUs: 8 total, 8 available
 Memory: 7959M
 Large Page Support: Disabled
 NUMA Support: Disabled
 Compressed Oops: Enabled (32-bit)
 Heap Region Size: 1M
 Heap Min Capacity: 8M
 Heap Initial Capacity: 126M
 Heap Max Capacity: 1990M
 Pre-touch: Disabled
 Parallel Workers: 8
 Concurrent Workers: 2
 Concurrent Refinement Workers: 8
 Periodic GC: Disabled
Heap:
 garbage-first heap   total 94208K, used 35564K [0x0000000083a00000, 0x0000000100000000)
  region size 1024K, 8 young (8192K), 5 survivors (5120K)
 Metaspace       used 57577K, committed 58432K, reserved 1114112K
  class space    used 8055K, committed 8448K, reserved 1048576K
GC Heap History (20 events):
Event: 3.609 GC heap before
{Heap before GC invocations=9 (full 0):
 garbage-first heap   total 64512K, used 51536K [0x0000000083a00000, 0x0000000100000000)
  region size 1024K, 37 young (37888K), 4 survivors (4096K)
 Metaspace       used 29498K, committed 30016K, reserved 1114112K
  class space    used 3895K, committed 4160K, reserved 1048576K
}
Event: 3.616 GC heap after
{Heap after GC invocations=10 (full 0):
 garbage-first heap   total 64512K, used 18534K [0x0000000083a00000, 0x0000000100000000)
  region size 1024K, 3 young (3072K), 3 survivors (3072K)
 Metaspace       used 29498K, committed 30016K, reserved 1114112K
  class space    used 3895K, committed 4160K, reserved 1048576K
}
Event: 3.942 GC heap before
{Heap before GC invocations=10 (full 0):
 garbage-first heap   total 64512K, used 53350K [0x0000000083a00000, 0x0000000100000000)
  region size 1024K, 37 young (37888K), 3 survivors (3072K)
 Metaspace       used 31243K, committed 31744K, reserved 1114112K
  class space    used 4166K, committed 4416K, reserved 1048576K
}
Event: 3.949 GC heap after
{Heap after GC invocations=11 (full 0):
 garbage-first heap   total 64512K, used 20245K [0x0000000083a00000, 0x0000000100000000)
  region size 1024K, 3 young (3072K), 3 survivors (3072K)
 Metaspace       used 31243K, committed 31744K, reserved 1114112K
  class space    used 4166K, committed 4416K, reserved 1048576K
}
Event: 4.251 GC heap before
{Heap before GC invocations=11 (full 0):
 garbage-first heap   total 64512K, used 55061K [0x0000000083a00000, 0x0000000100000000)
  region size 1024K, 37 young (37888K), 3 survivors (3072K)
 Metaspace       used 33205K, committed 33792K, reserved 1114112K
  class space    used 4392K, committed 4672K, reserved 1048576K
}
Event: 4.256 GC heap after
{Heap after GC invocations=12 (full 0):
 garbage-first heap   total 77824K, used 21383K [0x0000000083a00000, 0x0000000100000000)
  region size 1024K, 4 young (4096K), 4 survivors (4096K)
 Metaspace       used 33205K, committed 33792K, reserved 1114112K
  class space    used 4392K, committed 4672K, reserved 1048576K
}
Event: 4.516 GC heap before
{Heap before GC invocations=12 (full 0):
 garbage-first heap   total 77824K, used 45959K [0x0000000083a00000, 0x0000000100000000)
  region size 1024K, 29 young (29696K), 4 survivors (4096K)
 Metaspace       used 35552K, committed 36096K, reserved 1114112K
  class space    used 4782K, committed 5056K, reserved 1048576K
}
Event: 4.524 GC heap after
{Heap after GC invocations=13 (full 0):
 garbage-first heap   total 77824K, used 22251K [0x0000000083a00000, 0x0000000100000000)
  region size 1024K, 4 young (4096K), 4 survivors (4096K)
 Metaspace       used 35552K, committed 36096K, reserved 1114112K
  class space    used 4782K, committed 5056K, reserved 1048576K
}
Event: 5.072 GC heap before
{Heap before GC invocations=14 (full 0):
 garbage-first heap   total 77824K, used 64235K [0x0000000083a00000, 0x0000000100000000)
  region size 1024K, 45 young (46080K), 4 survivors (4096K)
 Metaspace       used 38981K, committed 39680K, reserved 1114112K
  class space    used 5252K, committed 5568K, reserved 1048576K
}
Event: 5.078 GC heap after
{Heap after GC invocations=15 (full 0):
 garbage-first heap   total 77824K, used 24849K [0x0000000083a00000, 0x0000000100000000)
  region size 1024K, 5 young (5120K), 5 survivors (5120K)
 Metaspace       used 38981K, committed 39680K, reserved 1114112K
  class space    used 5252K, committed 5568K, reserved 1048576K
}
Event: 5.526 GC heap before
{Heap before GC invocations=15 (full 0):
 garbage-first heap   total 77824K, used 65809K [0x0000000083a00000, 0x0000000100000000)
  region size 1024K, 45 young (46080K), 5 survivors (5120K)
 Metaspace       used 42741K, committed 43456K, reserved 1114112K
  class space    used 5835K, committed 6144K, reserved 1048576K
}
Event: 5.535 GC heap after
{Heap after GC invocations=16 (full 0):
 garbage-first heap   total 77824K, used 26488K [0x0000000083a00000, 0x0000000100000000)
  region size 1024K, 5 young (5120K), 5 survivors (5120K)
 Metaspace       used 42741K, committed 43456K, reserved 1114112K
  class space    used 5835K, committed 6144K, reserved 1048576K
}
Event: 5.916 GC heap before
{Heap before GC invocations=16 (full 0):
 garbage-first heap   total 77824K, used 66424K [0x0000000083a00000, 0x0000000100000000)
  region size 1024K, 44 young (45056K), 5 survivors (5120K)
 Metaspace       used 46174K, committed 46848K, reserved 1114112K
  class space    used 6353K, committed 6656K, reserved 1048576K
}
Event: 5.923 GC heap after
{Heap after GC invocations=17 (full 0):
 garbage-first heap   total 77824K, used 28098K [0x0000000083a00000, 0x0000000100000000)
  region size 1024K, 4 young (4096K), 4 survivors (4096K)
 Metaspace       used 46174K, committed 46848K, reserved 1114112K
  class space    used 6353K, committed 6656K, reserved 1048576K
}
Event: 6.327 GC heap before
{Heap before GC invocations=17 (full 0):
 garbage-first heap   total 77824K, used 68034K [0x0000000083a00000, 0x0000000100000000)
  region size 1024K, 43 young (44032K), 4 survivors (4096K)
 Metaspace       used 48939K, committed 49728K, reserved 1114112K
  class space    used 6800K, committed 7168K, reserved 1048576K
}
Event: 6.333 GC heap after
{Heap after GC invocations=18 (full 0):
 garbage-first heap   total 94208K, used 29734K [0x0000000083a00000, 0x0000000100000000)
  region size 1024K, 4 young (4096K), 4 survivors (4096K)
 Metaspace       used 48939K, committed 49728K, reserved 1114112K
  class space    used 6800K, committed 7168K, reserved 1048576K
}
Event: 7.423 GC heap before
{Heap before GC invocations=18 (full 0):
 garbage-first heap   total 94208K, used 80934K [0x0000000083a00000, 0x0000000100000000)
  region size 1024K, 55 young (56320K), 4 survivors (4096K)
 Metaspace       used 52554K, committed 53312K, reserved 1114112K
  class space    used 7321K, committed 7680K, reserved 1048576K
}
Event: 7.429 GC heap after
{Heap after GC invocations=19 (full 0):
 garbage-first heap   total 94208K, used 32083K [0x0000000083a00000, 0x0000000100000000)
  region size 1024K, 6 young (6144K), 6 survivors (6144K)
 Metaspace       used 52554K, committed 53312K, reserved 1114112K
  class space    used 7321K, committed 7680K, reserved 1048576K
}
Event: 163.839 GC heap before
{Heap before GC invocations=19 (full 0):
 garbage-first heap   total 94208K, used 80211K [0x0000000083a00000, 0x0000000100000000)
  region size 1024K, 54 young (55296K), 6 survivors (6144K)
 Metaspace       used 57166K, committed 57984K, reserved 1114112K
  class space    used 8002K, committed 8384K, reserved 1048576K
}
Event: 163.846 GC heap after
{Heap after GC invocations=20 (full 0):
 garbage-first heap   total 94208K, used 33516K [0x0000000083a00000, 0x0000000100000000)
  region size 1024K, 5 young (5120K), 5 survivors (5120K)
 Metaspace       used 57166K, committed 57984K, reserved 1114112K
  class space    used 8002K, committed 8384K, reserved 1048576K
}

