# JRE version: OpenJDK Runtime Environment Temurin-21.0.6+7 (21.0.6+7) (build 21.0.6+7-LTS)
# Java VM: OpenJDK 64-Bit Server VM Temurin-21.0.6+7 (21.0.6+7-LTS, mixed mode, emulated-client, sharing, tiered, compressed oops, compressed class ptrs, g1 gc, windows-amd64)
GC Precious Log:
 CardTable entry size: 512
 Card Set container configuration: InlinePtr #cards 5 size 8 Array Of Cards #cards 12 size 40 Howl #buckets 4 coarsen threshold 1843 Howl Bitmap #cards 512 size 80 coarsen threshold 460 Card regions per heap region 1 cards per card region 2048
 CPUs: 8 total, 8 available
 Memory: 7959M
 Large Page Support: Disabled
 NUMA Support: Disabled
 Compressed Oops: Enabled (32-bit)
 Heap Region Size: 1M
 Heap Min Capacity: 8M
 Heap Initial Capacity: 126M
 Heap Max Capacity: 1990M
 Pre-touch: Disabled
 Parallel Workers: 8
 Concurrent Workers: 2
 Concurrent Refinement Workers: 8
 Periodic GC: Disabled
Heap:
 garbage-first heap   total 95232K, used 66171K [0x0000000083a00000, 0x0000000100000000)
  region size 1024K, 34 young (34816K), 6 survivors (6144K)
 Metaspace       used 66024K, committed 66944K, reserved 1114112K
  class space    used 9113K, committed 9536K, reserved 1048576K
GC Heap History (20 events):
Event: 4.296 GC heap before
{Heap before GC invocations=11 (full 0):
 garbage-first heap   total 71680K, used 60837K [0x0000000083a00000, 0x0000000100000000)
  region size 1024K, 42 young (43008K), 3 survivors (3072K)
 Metaspace       used 33988K, committed 34560K, reserved 1114112K
  class space    used 4517K, committed 4800K, reserved 1048576K
}
Event: 4.303 GC heap after
{Heap after GC invocations=12 (full 0):
 garbage-first heap   total 86016K, used 22129K [0x0000000083a00000, 0x0000000100000000)
  region size 1024K, 4 young (4096K), 4 survivors (4096K)
 Metaspace       used 33988K, committed 34560K, reserved 1114112K
  class space    used 4517K, committed 4800K, reserved 1048576K
}
Event: 4.398 GC heap before
{Heap before GC invocations=12 (full 0):
 garbage-first heap   total 86016K, used 32369K [0x0000000083a00000, 0x0000000100000000)
  region size 1024K, 15 young (15360K), 4 survivors (4096K)
 Metaspace       used 35010K, committed 35520K, reserved 1114112K
  class space    used 4661K, committed 4928K, reserved 1048576K
}
Event: 4.406 GC heap after
{Heap after GC invocations=13 (full 0):
 garbage-first heap   total 86016K, used 22594K [0x0000000083a00000, 0x0000000100000000)
  region size 1024K, 4 young (4096K), 4 survivors (4096K)
 Metaspace       used 35010K, committed 35520K, reserved 1114112K
  class space    used 4661K, committed 4928K, reserved 1048576K
}
Event: 4.942 GC heap before
{Heap before GC invocations=14 (full 0):
 garbage-first heap   total 78848K, used 65602K [0x0000000083a00000, 0x0000000100000000)
  region size 1024K, 46 young (47104K), 4 survivors (4096K)
 Metaspace       used 38758K, committed 39424K, reserved 1114112K
  class space    used 5200K, committed 5504K, reserved 1048576K
}
Event: 4.946 GC heap after
{Heap after GC invocations=15 (full 0):
 garbage-first heap   total 78848K, used 25040K [0x0000000083a00000, 0x0000000100000000)
  region size 1024K, 5 young (5120K), 5 survivors (5120K)
 Metaspace       used 38758K, committed 39424K, reserved 1114112K
  class space    used 5200K, committed 5504K, reserved 1048576K
}
Event: 5.360 GC heap before
{Heap before GC invocations=15 (full 0):
 garbage-first heap   total 78848K, used 66000K [0x0000000083a00000, 0x0000000100000000)
  region size 1024K, 46 young (47104K), 5 survivors (5120K)
 Metaspace       used 42680K, committed 43328K, reserved 1114112K
  class space    used 5726K, committed 6016K, reserved 1048576K
}
Event: 5.370 GC heap after
{Heap after GC invocations=16 (full 0):
 garbage-first heap   total 78848K, used 27758K [0x0000000083a00000, 0x0000000100000000)
  region size 1024K, 6 young (6144K), 6 survivors (6144K)
 Metaspace       used 42680K, committed 43328K, reserved 1114112K
  class space    used 5726K, committed 6016K, reserved 1048576K
}
Event: 5.642 GC heap before
{Heap before GC invocations=16 (full 0):
 garbage-first heap   total 78848K, used 66670K [0x0000000083a00000, 0x0000000100000000)
  region size 1024K, 44 young (45056K), 6 survivors (6144K)
 Metaspace       used 46392K, committed 47040K, reserved 1114112K
  class space    used 6286K, committed 6592K, reserved 1048576K
}
Event: 5.648 GC heap after
{Heap after GC invocations=17 (full 0):
 garbage-first heap   total 78848K, used 29342K [0x0000000083a00000, 0x0000000100000000)
  region size 1024K, 2 young (2048K), 2 survivors (2048K)
 Metaspace       used 46392K, committed 47040K, reserved 1114112K
  class space    used 6286K, committed 6592K, reserved 1048576K
}
Event: 6.080 GC heap before
{Heap before GC invocations=17 (full 0):
 garbage-first heap   total 78848K, used 70302K [0x0000000083a00000, 0x0000000100000000)
  region size 1024K, 42 young (43008K), 2 survivors (2048K)
 Metaspace       used 49592K, committed 50304K, reserved 1114112K
  class space    used 6777K, committed 7104K, reserved 1048576K
}
Event: 6.087 GC heap after
{Heap after GC invocations=18 (full 0):
 garbage-first heap   total 95232K, used 30847K [0x0000000083a00000, 0x0000000100000000)
  region size 1024K, 3 young (3072K), 3 survivors (3072K)
 Metaspace       used 49592K, committed 50304K, reserved 1114112K
  class space    used 6777K, committed 7104K, reserved 1048576K
}
Event: 6.715 GC heap before
{Heap before GC invocations=18 (full 0):
 garbage-first heap   total 95232K, used 84095K [0x0000000083a00000, 0x0000000100000000)
  region size 1024K, 55 young (56320K), 3 survivors (3072K)
 Metaspace       used 53329K, committed 54144K, reserved 1114112K
  class space    used 7376K, committed 7744K, reserved 1048576K
}
Event: 6.726 GC heap after
{Heap after GC invocations=19 (full 0):
 garbage-first heap   total 95232K, used 33541K [0x0000000083a00000, 0x0000000100000000)
  region size 1024K, 6 young (6144K), 6 survivors (6144K)
 Metaspace       used 53329K, committed 54144K, reserved 1114112K
  class space    used 7376K, committed 7744K, reserved 1048576K
}
Event: 7.389 GC heap before
{Heap before GC invocations=19 (full 0):
 garbage-first heap   total 95232K, used 81669K [0x0000000083a00000, 0x0000000100000000)
  region size 1024K, 53 young (54272K), 6 survivors (6144K)
 Metaspace       used 56568K, committed 57408K, reserved 1114112K
  class space    used 7854K, committed 8256K, reserved 1048576K
}
Event: 7.396 GC heap after
{Heap after GC invocations=20 (full 0):
 garbage-first heap   total 95232K, used 35475K [0x0000000083a00000, 0x0000000100000000)
  region size 1024K, 5 young (5120K), 5 survivors (5120K)
 Metaspace       used 56568K, committed 57408K, reserved 1114112K
  class space    used 7854K, committed 8256K, reserved 1048576K
}
Event: 29.375 GC heap before
{Heap before GC invocations=20 (full 0):
 garbage-first heap   total 95232K, used 54931K [0x0000000083a00000, 0x0000000100000000)
  region size 1024K, 26 young (26624K), 5 survivors (5120K)
 Metaspace       used 58487K, committed 59328K, reserved 1114112K
  class space    used 8147K, committed 8576K, reserved 1048576K
}
Event: 29.387 GC heap after
{Heap after GC invocations=21 (full 0):
 garbage-first heap   total 95232K, used 36354K [0x0000000083a00000, 0x0000000100000000)
  region size 1024K, 4 young (4096K), 4 survivors (4096K)
 Metaspace       used 58487K, committed 59328K, reserved 1114112K
  class space    used 8147K, committed 8576K, reserved 1048576K
}
Event: 50.161 GC heap before
{Heap before GC invocations=22 (full 0):
 garbage-first heap   total 95232K, used 82434K [0x0000000083a00000, 0x0000000100000000)
  region size 1024K, 50 young (51200K), 4 survivors (4096K)
 Metaspace       used 63300K, committed 64192K, reserved 1114112K
  class space    used 8727K, committed 9152K, reserved 1048576K
}
Event: 50.169 GC heap after
{Heap after GC invocations=23 (full 0):
 garbage-first heap   total 95232K, used 38523K [0x0000000083a00000, 0x0000000100000000)
  region size 1024K, 6 young (6144K), 6 survivors (6144K)
 Metaspace       used 63300K, committed 64192K, reserved 1114112K
  class space    used 8727K, committed 9152K, reserved 1048576K
}

