# JRE version: OpenJDK Runtime Environment Temurin-21.0.6+7 (21.0.6+7) (build 21.0.6+7-LTS)
# Java VM: OpenJDK 64-Bit Server VM Temurin-21.0.6+7 (21.0.6+7-LTS, mixed mode, emulated-client, sharing, tiered, compressed oops, compressed class ptrs, g1 gc, windows-amd64)
GC Precious Log:
 CardTable entry size: 512
 Card Set container configuration: InlinePtr #cards 5 size 8 Array Of Cards #cards 12 size 40 Howl #buckets 4 coarsen threshold 1843 Howl Bitmap #cards 512 size 80 coarsen threshold 460 Card regions per heap region 1 cards per card region 2048
 CPUs: 8 total, 8 available
 Memory: 7959M
 Large Page Support: Disabled
 NUMA Support: Disabled
 Compressed Oops: Enabled (32-bit)
 Heap Region Size: 1M
 Heap Min Capacity: 8M
 Heap Initial Capacity: 126M
 Heap Max Capacity: 1990M
 Pre-touch: Disabled
 Parallel Workers: 8
 Concurrent Workers: 2
 Concurrent Refinement Workers: 8
 Periodic GC: Disabled
Heap:
 garbage-first heap   total 86016K, used 40203K [0x0000000083a00000, 0x0000000100000000)
  region size 1024K, 6 young (6144K), 5 survivors (5120K)
 Metaspace       used 66356K, committed 67264K, reserved 1114112K
  class space    used 9161K, committed 9600K, reserved 1048576K
GC Heap History (20 events):
Event: 7.018 GC heap before
{Heap before GC invocations=19 (full 0):
 garbage-first heap   total 59392K, used 50867K [0x0000000083a00000, 0x0000000100000000)
  region size 1024K, 30 young (30720K), 3 survivors (3072K)
 Metaspace       used 40598K, committed 41216K, reserved 1114112K
  class space    used 5414K, committed 5696K, reserved 1048576K
}
Event: 7.024 GC heap after
{Heap after GC invocations=20 (full 0):
 garbage-first heap   total 71680K, used 26880K [0x0000000083a00000, 0x0000000100000000)
  region size 1024K, 4 young (4096K), 4 survivors (4096K)
 Metaspace       used 40598K, committed 41216K, reserved 1114112K
  class space    used 5414K, committed 5696K, reserved 1048576K
}
Event: 7.460 GC heap before
{Heap before GC invocations=20 (full 0):
 garbage-first heap   total 71680K, used 61696K [0x0000000083a00000, 0x0000000100000000)
  region size 1024K, 39 young (39936K), 4 survivors (4096K)
 Metaspace       used 43704K, committed 44288K, reserved 1114112K
  class space    used 5884K, committed 6144K, reserved 1048576K
}
Event: 7.465 GC heap after
{Heap after GC invocations=21 (full 0):
 garbage-first heap   total 71680K, used 29464K [0x0000000083a00000, 0x0000000100000000)
  region size 1024K, 5 young (5120K), 5 survivors (5120K)
 Metaspace       used 43704K, committed 44288K, reserved 1114112K
  class space    used 5884K, committed 6144K, reserved 1048576K
}
Event: 7.760 GC heap before
{Heap before GC invocations=21 (full 0):
 garbage-first heap   total 71680K, used 62232K [0x0000000083a00000, 0x0000000100000000)
  region size 1024K, 37 young (37888K), 5 survivors (5120K)
 Metaspace       used 46589K, committed 47232K, reserved 1114112K
  class space    used 6312K, committed 6592K, reserved 1048576K
}
Event: 7.769 GC heap after
{Heap after GC invocations=22 (full 0):
 garbage-first heap   total 71680K, used 30170K [0x0000000083a00000, 0x0000000100000000)
  region size 1024K, 1 young (1024K), 1 survivors (1024K)
 Metaspace       used 46589K, committed 47232K, reserved 1114112K
  class space    used 6312K, committed 6592K, reserved 1048576K
}
Event: 7.932 GC heap before
{Heap before GC invocations=22 (full 0):
 garbage-first heap   total 71680K, used 45530K [0x0000000083a00000, 0x0000000100000000)
  region size 1024K, 17 young (17408K), 1 survivors (1024K)
 Metaspace       used 48006K, committed 48640K, reserved 1114112K
  class space    used 6514K, committed 6784K, reserved 1048576K
}
Event: 7.935 GC heap after
{Heap after GC invocations=23 (full 0):
 garbage-first heap   total 71680K, used 30735K [0x0000000083a00000, 0x0000000100000000)
  region size 1024K, 2 young (2048K), 2 survivors (2048K)
 Metaspace       used 48006K, committed 48640K, reserved 1114112K
  class space    used 6514K, committed 6784K, reserved 1048576K
}
Event: 8.408 GC heap before
{Heap before GC invocations=24 (full 0):
 garbage-first heap   total 71680K, used 64527K [0x0000000083a00000, 0x0000000100000000)
  region size 1024K, 35 young (35840K), 2 survivors (2048K)
 Metaspace       used 50264K, committed 50944K, reserved 1114112K
  class space    used 6913K, committed 7232K, reserved 1048576K
}
Event: 8.417 GC heap after
{Heap after GC invocations=25 (full 0):
 garbage-first heap   total 71680K, used 32852K [0x0000000083a00000, 0x0000000100000000)
  region size 1024K, 4 young (4096K), 4 survivors (4096K)
 Metaspace       used 50264K, committed 50944K, reserved 1114112K
  class space    used 6913K, committed 7232K, reserved 1048576K
}
Event: 8.726 GC heap before
{Heap before GC invocations=25 (full 0):
 garbage-first heap   total 71680K, used 62548K [0x0000000083a00000, 0x0000000100000000)
  region size 1024K, 33 young (33792K), 4 survivors (4096K)
 Metaspace       used 52269K, committed 52992K, reserved 1114112K
  class space    used 7252K, committed 7552K, reserved 1048576K
}
Event: 8.735 GC heap after
{Heap after GC invocations=26 (full 0):
 garbage-first heap   total 86016K, used 33640K [0x0000000083a00000, 0x0000000100000000)
  region size 1024K, 4 young (4096K), 4 survivors (4096K)
 Metaspace       used 52269K, committed 52992K, reserved 1114112K
  class space    used 7252K, committed 7552K, reserved 1048576K
}
Event: 9.850 GC heap before
{Heap before GC invocations=26 (full 0):
 garbage-first heap   total 86016K, used 75624K [0x0000000083a00000, 0x0000000100000000)
  region size 1024K, 46 young (47104K), 4 survivors (4096K)
 Metaspace       used 55430K, committed 56320K, reserved 1114112K
  class space    used 7702K, committed 8128K, reserved 1048576K
}
Event: 9.855 GC heap after
{Heap after GC invocations=27 (full 0):
 garbage-first heap   total 86016K, used 36050K [0x0000000083a00000, 0x0000000100000000)
  region size 1024K, 4 young (4096K), 4 survivors (4096K)
 Metaspace       used 55430K, committed 56320K, reserved 1114112K
  class space    used 7702K, committed 8128K, reserved 1048576K
}
Event: 32.158 GC heap before
{Heap before GC invocations=27 (full 0):
 garbage-first heap   total 86016K, used 74962K [0x0000000083a00000, 0x0000000100000000)
  region size 1024K, 43 young (44032K), 4 survivors (4096K)
 Metaspace       used 58707K, committed 59520K, reserved 1114112K
  class space    used 8172K, committed 8512K, reserved 1048576K
}
Event: 32.166 GC heap after
{Heap after GC invocations=28 (full 0):
 garbage-first heap   total 86016K, used 37129K [0x0000000083a00000, 0x0000000100000000)
  region size 1024K, 4 young (4096K), 4 survivors (4096K)
 Metaspace       used 58707K, committed 59520K, reserved 1114112K
  class space    used 8172K, committed 8512K, reserved 1048576K
}
Event: 38.535 GC heap before
{Heap before GC invocations=28 (full 0):
 garbage-first heap   total 86016K, used 75017K [0x0000000083a00000, 0x0000000100000000)
  region size 1024K, 42 young (43008K), 4 survivors (4096K)
 Metaspace       used 62546K, committed 63424K, reserved 1114112K
  class space    used 8626K, committed 9024K, reserved 1048576K
}
Event: 38.540 GC heap after
{Heap after GC invocations=29 (full 0):
 garbage-first heap   total 86016K, used 38514K [0x0000000083a00000, 0x0000000100000000)
  region size 1024K, 3 young (3072K), 3 survivors (3072K)
 Metaspace       used 62546K, committed 63424K, reserved 1114112K
  class space    used 8626K, committed 9024K, reserved 1048576K
}
Event: 377.199 GC heap before
{Heap before GC invocations=30 (full 0):
 garbage-first heap   total 86016K, used 77426K [0x0000000083a00000, 0x0000000100000000)
  region size 1024K, 41 young (41984K), 3 survivors (3072K)
 Metaspace       used 66346K, committed 67264K, reserved 1114112K
  class space    used 9160K, committed 9600K, reserved 1048576K
}
Event: 377.212 GC heap after
{Heap after GC invocations=31 (full 0):
 garbage-first heap   total 86016K, used 40203K [0x0000000083a00000, 0x0000000100000000)
  region size 1024K, 5 young (5120K), 5 survivors (5120K)
 Metaspace       used 66346K, committed 67264K, reserved 1114112K
  class space    used 9160K, committed 9600K, reserved 1048576K
}

