# JRE version: OpenJDK Runtime Environment Temurin-21.0.6+7 (21.0.6+7) (build 21.0.6+7-LTS)
# Java VM: OpenJDK 64-Bit Server VM Temurin-21.0.6+7 (21.0.6+7-LTS, mixed mode, emulated-client, sharing, tiered, compressed oops, compressed class ptrs, g1 gc, windows-amd64)
GC Precious Log:
 CardTable entry size: 512
 Card Set container configuration: InlinePtr #cards 5 size 8 Array Of Cards #cards 12 size 40 Howl #buckets 4 coarsen threshold 1843 Howl Bitmap #cards 512 size 80 coarsen threshold 460 Card regions per heap region 1 cards per card region 2048
 CPUs: 8 total, 8 available
 Memory: 7959M
 Large Page Support: Disabled
 NUMA Support: Disabled
 Compressed Oops: Enabled (32-bit)
 Heap Region Size: 1M
 Heap Min Capacity: 8M
 Heap Initial Capacity: 126M
 Heap Max Capacity: 1990M
 Pre-touch: Disabled
 Parallel Workers: 8
 Concurrent Workers: 2
 Concurrent Refinement Workers: 8
 Periodic GC: Disabled
Heap:
 garbage-first heap   total 78848K, used 49038K [0x0000000083a00000, 0x0000000100000000)
  region size 1024K, 17 young (17408K), 5 survivors (5120K)
 Metaspace       used 66589K, committed 67392K, reserved 1114112K
  class space    used 9179K, committed 9536K, reserved 1048576K
GC Heap History (20 events):
Event: 6.661 GC heap before
{Heap before GC invocations=16 (full 0):
 garbage-first heap   total 65536K, used 57269K [0x0000000083a00000, 0x0000000100000000)
  region size 1024K, 38 young (38912K), 4 survivors (4096K)
 Metaspace       used 38282K, committed 38848K, reserved 1114112K
  class space    used 5129K, committed 5376K, reserved 1048576K
}
Event: 6.672 GC heap after
{Heap after GC invocations=17 (full 0):
 garbage-first heap   total 78848K, used 24477K [0x0000000083a00000, 0x0000000100000000)
  region size 1024K, 4 young (4096K), 4 survivors (4096K)
 Metaspace       used 38282K, committed 38848K, reserved 1114112K
  class space    used 5129K, committed 5376K, reserved 1048576K
}
Event: 7.364 GC heap before
{Heap before GC invocations=17 (full 0):
 garbage-first heap   total 78848K, used 66461K [0x0000000083a00000, 0x0000000100000000)
  region size 1024K, 46 young (47104K), 4 survivors (4096K)
 Metaspace       used 42182K, committed 42816K, reserved 1114112K
  class space    used 5654K, committed 5952K, reserved 1048576K
}
Event: 7.370 GC heap after
{Heap after GC invocations=18 (full 0):
 garbage-first heap   total 78848K, used 28389K [0x0000000083a00000, 0x0000000100000000)
  region size 1024K, 6 young (6144K), 6 survivors (6144K)
 Metaspace       used 42182K, committed 42816K, reserved 1114112K
  class space    used 5654K, committed 5952K, reserved 1048576K
}
Event: 7.811 GC heap before
{Heap before GC invocations=18 (full 0):
 garbage-first heap   total 78848K, used 67301K [0x0000000083a00000, 0x0000000100000000)
  region size 1024K, 44 young (45056K), 6 survivors (6144K)
 Metaspace       used 46085K, committed 46784K, reserved 1114112K
  class space    used 6267K, committed 6592K, reserved 1048576K
}
Event: 7.817 GC heap after
{Heap after GC invocations=19 (full 0):
 garbage-first heap   total 78848K, used 29505K [0x0000000083a00000, 0x0000000100000000)
  region size 1024K, 2 young (2048K), 2 survivors (2048K)
 Metaspace       used 46085K, committed 46784K, reserved 1114112K
  class space    used 6267K, committed 6592K, reserved 1048576K
}
Event: 8.252 GC heap before
{Heap before GC invocations=19 (full 0):
 garbage-first heap   total 78848K, used 56129K [0x0000000083a00000, 0x0000000100000000)
  region size 1024K, 29 young (29696K), 2 survivors (2048K)
 Metaspace       used 48239K, committed 48896K, reserved 1114112K
  class space    used 6561K, committed 6848K, reserved 1048576K
}
Event: 8.254 GC heap after
{Heap after GC invocations=20 (full 0):
 garbage-first heap   total 78848K, used 30025K [0x0000000083a00000, 0x0000000100000000)
  region size 1024K, 2 young (2048K), 2 survivors (2048K)
 Metaspace       used 48239K, committed 48896K, reserved 1114112K
  class space    used 6561K, committed 6848K, reserved 1048576K
}
Event: 8.939 GC heap before
{Heap before GC invocations=21 (full 0):
 garbage-first heap   total 78848K, used 70985K [0x0000000083a00000, 0x0000000100000000)
  region size 1024K, 42 young (43008K), 2 survivors (2048K)
 Metaspace       used 50977K, committed 51776K, reserved 1114112K
  class space    used 7048K, committed 7424K, reserved 1048576K
}
Event: 8.944 GC heap after
{Heap after GC invocations=22 (full 0):
 garbage-first heap   total 78848K, used 32536K [0x0000000083a00000, 0x0000000100000000)
  region size 1024K, 5 young (5120K), 5 survivors (5120K)
 Metaspace       used 50977K, committed 51776K, reserved 1114112K
  class space    used 7048K, committed 7424K, reserved 1048576K
}
Event: 9.319 GC heap before
{Heap before GC invocations=22 (full 0):
 garbage-first heap   total 78848K, used 67352K [0x0000000083a00000, 0x0000000100000000)
  region size 1024K, 39 young (39936K), 5 survivors (5120K)
 Metaspace       used 53413K, committed 54208K, reserved 1114112K
  class space    used 7389K, committed 7744K, reserved 1048576K
}
Event: 9.324 GC heap after
{Heap after GC invocations=23 (full 0):
 garbage-first heap   total 78848K, used 33737K [0x0000000083a00000, 0x0000000100000000)
  region size 1024K, 5 young (5120K), 5 survivors (5120K)
 Metaspace       used 53413K, committed 54208K, reserved 1114112K
  class space    used 7389K, committed 7744K, reserved 1048576K
}
Event: 10.260 GC heap before
{Heap before GC invocations=23 (full 0):
 garbage-first heap   total 78848K, used 66505K [0x0000000083a00000, 0x0000000100000000)
  region size 1024K, 38 young (38912K), 5 survivors (5120K)
 Metaspace       used 55478K, committed 56320K, reserved 1114112K
  class space    used 7716K, committed 8128K, reserved 1048576K
}
Event: 10.265 GC heap after
{Heap after GC invocations=24 (full 0):
 garbage-first heap   total 78848K, used 35026K [0x0000000083a00000, 0x0000000100000000)
  region size 1024K, 4 young (4096K), 4 survivors (4096K)
 Metaspace       used 55478K, committed 56320K, reserved 1114112K
  class space    used 7716K, committed 8128K, reserved 1048576K
}
Event: 31.637 GC heap before
{Heap before GC invocations=24 (full 0):
 garbage-first heap   total 78848K, used 66770K [0x0000000083a00000, 0x0000000100000000)
  region size 1024K, 36 young (36864K), 4 survivors (4096K)
 Metaspace       used 58775K, committed 59648K, reserved 1114112K
  class space    used 8188K, committed 8576K, reserved 1048576K
}
Event: 31.649 GC heap after
{Heap after GC invocations=25 (full 0):
 garbage-first heap   total 78848K, used 36187K [0x0000000083a00000, 0x0000000100000000)
  region size 1024K, 3 young (3072K), 3 survivors (3072K)
 Metaspace       used 58775K, committed 59648K, reserved 1114112K
  class space    used 8188K, committed 8576K, reserved 1048576K
}
Event: 34.435 GC heap before
{Heap before GC invocations=26 (full 0):
 garbage-first heap   total 78848K, used 68955K [0x0000000083a00000, 0x0000000100000000)
  region size 1024K, 36 young (36864K), 3 survivors (3072K)
 Metaspace       used 61888K, committed 62784K, reserved 1114112K
  class space    used 8573K, committed 8960K, reserved 1048576K
}
Event: 34.440 GC heap after
{Heap after GC invocations=27 (full 0):
 garbage-first heap   total 78848K, used 37541K [0x0000000083a00000, 0x0000000100000000)
  region size 1024K, 3 young (3072K), 3 survivors (3072K)
 Metaspace       used 61888K, committed 62784K, reserved 1114112K
  class space    used 8573K, committed 8960K, reserved 1048576K
}
Event: 34.736 GC heap before
{Heap before GC invocations=27 (full 0):
 garbage-first heap   total 78848K, used 68261K [0x0000000083a00000, 0x0000000100000000)
  region size 1024K, 34 young (34816K), 3 survivors (3072K)
 Metaspace       used 65554K, committed 66368K, reserved 1114112K
  class space    used 9052K, committed 9408K, reserved 1048576K
}
Event: 34.747 GC heap after
{Heap after GC invocations=28 (full 0):
 garbage-first heap   total 78848K, used 38798K [0x0000000083a00000, 0x0000000100000000)
  region size 1024K, 5 young (5120K), 5 survivors (5120K)
 Metaspace       used 65554K, committed 66368K, reserved 1114112K
  class space    used 9052K, committed 9408K, reserved 1048576K
}

