# JRE version: OpenJDK Runtime Environment Temurin-21.0.6+7 (21.0.6+7) (build 21.0.6+7-LTS)
# Java VM: OpenJDK 64-Bit Server VM Temurin-21.0.6+7 (21.0.6+7-LTS, mixed mode, emulated-client, sharing, tiered, compressed oops, compressed class ptrs, g1 gc, windows-amd64)
GC Precious Log:
 CardTable entry size: 512
 Card Set container configuration: InlinePtr #cards 5 size 8 Array Of Cards #cards 12 size 40 Howl #buckets 4 coarsen threshold 1843 Howl Bitmap #cards 512 size 80 coarsen threshold 460 Card regions per heap region 1 cards per card region 2048
 CPUs: 8 total, 8 available
 Memory: 7959M
 Large Page Support: Disabled
 NUMA Support: Disabled
 Compressed Oops: Enabled (32-bit)
 Heap Region Size: 1M
 Heap Min Capacity: 8M
 Heap Initial Capacity: 126M
 Heap Max Capacity: 1990M
 Pre-touch: Disabled
 Parallel Workers: 8
 Concurrent Workers: 2
 Concurrent Refinement Workers: 8
 Periodic GC: Disabled
Heap:
 garbage-first heap   total 87040K, used 62727K [0x0000000083a00000, 0x0000000100000000)
  region size 1024K, 35 young (35840K), 4 survivors (4096K)
 Metaspace       used 57778K, committed 58624K, reserved 1114112K
  class space    used 8110K, committed 8512K, reserved 1048576K
GC Heap History (20 events):
Event: 3.876 GC heap before
{Heap before GC invocations=14 (full 0):
 garbage-first heap   total 59392K, used 51389K [0x0000000083a00000, 0x0000000100000000)
  region size 1024K, 34 young (34816K), 2 survivors (2048K)
 Metaspace       used 30486K, committed 30912K, reserved 1114112K
  class space    used 4073K, committed 4288K, reserved 1048576K
}
Event: 3.884 GC heap after
{Heap after GC invocations=15 (full 0):
 garbage-first heap   total 59392K, used 20830K [0x0000000083a00000, 0x0000000100000000)
  region size 1024K, 3 young (3072K), 3 survivors (3072K)
 Metaspace       used 30486K, committed 30912K, reserved 1114112K
  class space    used 4073K, committed 4288K, reserved 1048576K
}
Event: 4.152 GC heap before
{Heap before GC invocations=15 (full 0):
 garbage-first heap   total 59392K, used 51550K [0x0000000083a00000, 0x0000000100000000)
  region size 1024K, 33 young (33792K), 3 survivors (3072K)
 Metaspace       used 32658K, committed 33216K, reserved 1114112K
  class space    used 4341K, committed 4608K, reserved 1048576K
}
Event: 4.157 GC heap after
{Heap after GC invocations=16 (full 0):
 garbage-first heap   total 59392K, used 21150K [0x0000000083a00000, 0x0000000100000000)
  region size 1024K, 3 young (3072K), 3 survivors (3072K)
 Metaspace       used 32658K, committed 33216K, reserved 1114112K
  class space    used 4341K, committed 4608K, reserved 1048576K
}
Event: 4.414 GC heap before
{Heap before GC invocations=16 (full 0):
 garbage-first heap   total 59392K, used 51870K [0x0000000083a00000, 0x0000000100000000)
  region size 1024K, 33 young (33792K), 3 survivors (3072K)
 Metaspace       used 34556K, committed 35072K, reserved 1114112K
  class space    used 4604K, committed 4864K, reserved 1048576K
}
Event: 4.423 GC heap after
{Heap after GC invocations=17 (full 0):
 garbage-first heap   total 71680K, used 22295K [0x0000000083a00000, 0x0000000100000000)
  region size 1024K, 4 young (4096K), 4 survivors (4096K)
 Metaspace       used 34556K, committed 35072K, reserved 1114112K
  class space    used 4604K, committed 4864K, reserved 1048576K
}
Event: 4.997 GC heap before
{Heap before GC invocations=17 (full 0):
 garbage-first heap   total 71680K, used 61207K [0x0000000083a00000, 0x0000000100000000)
  region size 1024K, 42 young (43008K), 4 survivors (4096K)
 Metaspace       used 38017K, committed 38592K, reserved 1114112K
  class space    used 5095K, committed 5376K, reserved 1048576K
}
Event: 5.008 GC heap after
{Heap after GC invocations=18 (full 0):
 garbage-first heap   total 71680K, used 24629K [0x0000000083a00000, 0x0000000100000000)
  region size 1024K, 5 young (5120K), 5 survivors (5120K)
 Metaspace       used 38017K, committed 38592K, reserved 1114112K
  class space    used 5095K, committed 5376K, reserved 1048576K
}
Event: 5.596 GC heap before
{Heap before GC invocations=18 (full 0):
 garbage-first heap   total 71680K, used 61493K [0x0000000083a00000, 0x0000000100000000)
  region size 1024K, 41 young (41984K), 5 survivors (5120K)
 Metaspace       used 40870K, committed 41600K, reserved 1114112K
  class space    used 5531K, committed 5888K, reserved 1048576K
}
Event: 5.606 GC heap after
{Heap after GC invocations=19 (full 0):
 garbage-first heap   total 71680K, used 26559K [0x0000000083a00000, 0x0000000100000000)
  region size 1024K, 5 young (5120K), 5 survivors (5120K)
 Metaspace       used 40870K, committed 41600K, reserved 1114112K
  class space    used 5531K, committed 5888K, reserved 1048576K
}
Event: 5.880 GC heap before
{Heap before GC invocations=19 (full 0):
 garbage-first heap   total 71680K, used 61375K [0x0000000083a00000, 0x0000000100000000)
  region size 1024K, 39 young (39936K), 5 survivors (5120K)
 Metaspace       used 44411K, committed 45056K, reserved 1114112K
  class space    used 6117K, committed 6400K, reserved 1048576K
}
Event: 5.889 GC heap after
{Heap after GC invocations=20 (full 0):
 garbage-first heap   total 71680K, used 27716K [0x0000000083a00000, 0x0000000100000000)
  region size 1024K, 4 young (4096K), 4 survivors (4096K)
 Metaspace       used 44411K, committed 45056K, reserved 1114112K
  class space    used 6117K, committed 6400K, reserved 1048576K
}
Event: 6.295 GC heap before
{Heap before GC invocations=20 (full 0):
 garbage-first heap   total 71680K, used 62532K [0x0000000083a00000, 0x0000000100000000)
  region size 1024K, 38 young (38912K), 4 survivors (4096K)
 Metaspace       used 47064K, committed 47872K, reserved 1114112K
  class space    used 6512K, committed 6848K, reserved 1048576K
}
Event: 6.305 GC heap after
{Heap after GC invocations=21 (full 0):
 garbage-first heap   total 87040K, used 29165K [0x0000000083a00000, 0x0000000100000000)
  region size 1024K, 3 young (3072K), 3 survivors (3072K)
 Metaspace       used 47064K, committed 47872K, reserved 1114112K
  class space    used 6512K, committed 6848K, reserved 1048576K
}
Event: 6.449 GC heap before
{Heap before GC invocations=21 (full 0):
 garbage-first heap   total 87040K, used 48621K [0x0000000083a00000, 0x0000000100000000)
  region size 1024K, 23 young (23552K), 3 survivors (3072K)
 Metaspace       used 48455K, committed 49216K, reserved 1114112K
  class space    used 6735K, committed 7104K, reserved 1048576K
}
Event: 6.456 GC heap after
{Heap after GC invocations=22 (full 0):
 garbage-first heap   total 87040K, used 30047K [0x0000000083a00000, 0x0000000100000000)
  region size 1024K, 4 young (4096K), 4 survivors (4096K)
 Metaspace       used 48455K, committed 49216K, reserved 1114112K
  class space    used 6735K, committed 7104K, reserved 1048576K
}
Event: 6.937 GC heap before
{Heap before GC invocations=23 (full 0):
 garbage-first heap   total 87040K, used 77151K [0x0000000083a00000, 0x0000000100000000)
  region size 1024K, 50 young (51200K), 4 survivors (4096K)
 Metaspace       used 51905K, committed 52736K, reserved 1114112K
  class space    used 7233K, committed 7616K, reserved 1048576K
}
Event: 6.947 GC heap after
{Heap after GC invocations=24 (full 0):
 garbage-first heap   total 87040K, used 32875K [0x0000000083a00000, 0x0000000100000000)
  region size 1024K, 7 young (7168K), 7 survivors (7168K)
 Metaspace       used 51905K, committed 52736K, reserved 1114112K
  class space    used 7233K, committed 7616K, reserved 1048576K
}
Event: 134.166 GC heap before
{Heap before GC invocations=24 (full 0):
 garbage-first heap   total 87040K, used 72811K [0x0000000083a00000, 0x0000000100000000)
  region size 1024K, 47 young (48128K), 7 survivors (7168K)
 Metaspace       used 54938K, committed 55808K, reserved 1114112K
  class space    used 7672K, committed 8064K, reserved 1048576K
}
Event: 134.179 GC heap after
{Heap after GC invocations=25 (full 0):
 garbage-first heap   total 87040K, used 33031K [0x0000000083a00000, 0x0000000100000000)
  region size 1024K, 4 young (4096K), 4 survivors (4096K)
 Metaspace       used 54938K, committed 55808K, reserved 1114112K
  class space    used 7672K, committed 8064K, reserved 1048576K
}

