# JRE version: OpenJDK Runtime Environment Temurin-21.0.6+7 (21.0.6+7) (build 21.0.6+7-LTS)
# Java VM: OpenJDK 64-Bit Server VM Temurin-21.0.6+7 (21.0.6+7-LTS, mixed mode, emulated-client, sharing, tiered, compressed oops, compressed class ptrs, g1 gc, windows-amd64)
GC Precious Log:
 CardTable entry size: 512
 Card Set container configuration: InlinePtr #cards 5 size 8 Array Of Cards #cards 12 size 40 Howl #buckets 4 coarsen threshold 1843 Howl Bitmap #cards 512 size 80 coarsen threshold 460 Card regions per heap region 1 cards per card region 2048
 CPUs: 8 total, 8 available
 Memory: 7959M
 Large Page Support: Disabled
 NUMA Support: Disabled
 Compressed Oops: Enabled (32-bit)
 Heap Region Size: 1M
 Heap Min Capacity: 8M
 Heap Initial Capacity: 126M
 Heap Max Capacity: 1990M
 Pre-touch: Disabled
 Parallel Workers: 8
 Concurrent Workers: 2
 Concurrent Refinement Workers: 8
 Periodic GC: Disabled
Heap:
 garbage-first heap   total 95232K, used 50085K [0x0000000083a00000, 0x0000000100000000)
  region size 1024K, 16 young (16384K), 5 survivors (5120K)
 Metaspace       used 67354K, committed 68096K, reserved 1114112K
  class space    used 9285K, committed 9664K, reserved 1048576K
GC Heap History (20 events):
Event: 4.733 GC heap before
{Heap before GC invocations=16 (full 0):
 garbage-first heap   total 65536K, used 56184K [0x0000000083a00000, 0x0000000100000000)
  region size 1024K, 37 young (37888K), 4 survivors (4096K)
 Metaspace       used 37474K, committed 38080K, reserved 1114112K
  class space    used 4984K, committed 5248K, reserved 1048576K
}
Event: 4.741 GC heap after
{Heap after GC invocations=17 (full 0):
 garbage-first heap   total 65536K, used 24199K [0x0000000083a00000, 0x0000000100000000)
  region size 1024K, 5 young (5120K), 5 survivors (5120K)
 Metaspace       used 37474K, committed 38080K, reserved 1114112K
  class space    used 4984K, committed 5248K, reserved 1048576K
}
Event: 5.133 GC heap before
{Heap before GC invocations=17 (full 0):
 garbage-first heap   total 65536K, used 54919K [0x0000000083a00000, 0x0000000100000000)
  region size 1024K, 35 young (35840K), 5 survivors (5120K)
 Metaspace       used 40382K, committed 41024K, reserved 1114112K
  class space    used 5392K, committed 5696K, reserved 1048576K
}
Event: 5.138 GC heap after
{Heap after GC invocations=18 (full 0):
 garbage-first heap   total 78848K, used 26020K [0x0000000083a00000, 0x0000000100000000)
  region size 1024K, 4 young (4096K), 4 survivors (4096K)
 Metaspace       used 40382K, committed 41024K, reserved 1114112K
  class space    used 5392K, committed 5696K, reserved 1048576K
}
Event: 5.551 GC heap before
{Heap before GC invocations=18 (full 0):
 garbage-first heap   total 78848K, used 68004K [0x0000000083a00000, 0x0000000100000000)
  region size 1024K, 46 young (47104K), 4 survivors (4096K)
 Metaspace       used 44144K, committed 44800K, reserved 1114112K
  class space    used 5991K, committed 6272K, reserved 1048576K
}
Event: 5.557 GC heap after
{Heap after GC invocations=19 (full 0):
 garbage-first heap   total 78848K, used 29457K [0x0000000083a00000, 0x0000000100000000)
  region size 1024K, 6 young (6144K), 6 survivors (6144K)
 Metaspace       used 44144K, committed 44800K, reserved 1114112K
  class space    used 5991K, committed 6272K, reserved 1048576K
}
Event: 5.861 GC heap before
{Heap before GC invocations=19 (full 0):
 garbage-first heap   total 78848K, used 66321K [0x0000000083a00000, 0x0000000100000000)
  region size 1024K, 42 young (43008K), 6 survivors (6144K)
 Metaspace       used 47372K, committed 48000K, reserved 1114112K
  class space    used 6427K, committed 6720K, reserved 1048576K
}
Event: 5.865 GC heap after
{Heap after GC invocations=20 (full 0):
 garbage-first heap   total 78848K, used 30747K [0x0000000083a00000, 0x0000000100000000)
  region size 1024K, 2 young (2048K), 2 survivors (2048K)
 Metaspace       used 47372K, committed 48000K, reserved 1114112K
  class space    used 6427K, committed 6720K, reserved 1048576K
}
Event: 5.977 GC heap before
{Heap before GC invocations=20 (full 0):
 garbage-first heap   total 78848K, used 40987K [0x0000000083a00000, 0x0000000100000000)
  region size 1024K, 13 young (13312K), 2 survivors (2048K)
 Metaspace       used 48249K, committed 48896K, reserved 1114112K
  class space    used 6560K, committed 6848K, reserved 1048576K
}
Event: 5.979 GC heap after
{Heap after GC invocations=21 (full 0):
 garbage-first heap   total 78848K, used 30840K [0x0000000083a00000, 0x0000000100000000)
  region size 1024K, 2 young (2048K), 2 survivors (2048K)
 Metaspace       used 48249K, committed 48896K, reserved 1114112K
  class space    used 6560K, committed 6848K, reserved 1048576K
}
Event: 6.543 GC heap before
{Heap before GC invocations=22 (full 0):
 garbage-first heap   total 78848K, used 70776K [0x0000000083a00000, 0x0000000100000000)
  region size 1024K, 41 young (41984K), 2 survivors (2048K)
 Metaspace       used 50905K, committed 51648K, reserved 1114112K
  class space    used 7032K, committed 7360K, reserved 1048576K
}
Event: 6.547 GC heap after
{Heap after GC invocations=23 (full 0):
 garbage-first heap   total 95232K, used 33287K [0x0000000083a00000, 0x0000000100000000)
  region size 1024K, 4 young (4096K), 4 survivors (4096K)
 Metaspace       used 50905K, committed 51648K, reserved 1114112K
  class space    used 7032K, committed 7360K, reserved 1048576K
}
Event: 7.067 GC heap before
{Heap before GC invocations=23 (full 0):
 garbage-first heap   total 95232K, used 84487K [0x0000000083a00000, 0x0000000100000000)
  region size 1024K, 54 young (55296K), 4 survivors (4096K)
 Metaspace       used 54628K, committed 55488K, reserved 1114112K
  class space    used 7560K, committed 7936K, reserved 1048576K
}
Event: 7.072 GC heap after
{Heap after GC invocations=24 (full 0):
 garbage-first heap   total 95232K, used 35650K [0x0000000083a00000, 0x0000000100000000)
  region size 1024K, 7 young (7168K), 7 survivors (7168K)
 Metaspace       used 54628K, committed 55488K, reserved 1114112K
  class space    used 7560K, committed 7936K, reserved 1048576K
}
Event: 16.120 GC heap before
{Heap before GC invocations=24 (full 0):
 garbage-first heap   total 95232K, used 80706K [0x0000000083a00000, 0x0000000100000000)
  region size 1024K, 51 young (52224K), 7 survivors (7168K)
 Metaspace       used 58134K, committed 59008K, reserved 1114112K
  class space    used 8080K, committed 8512K, reserved 1048576K
}
Event: 16.128 GC heap after
{Heap after GC invocations=25 (full 0):
 garbage-first heap   total 95232K, used 36562K [0x0000000083a00000, 0x0000000100000000)
  region size 1024K, 4 young (4096K), 4 survivors (4096K)
 Metaspace       used 58134K, committed 59008K, reserved 1114112K
  class space    used 8080K, committed 8512K, reserved 1048576K
}
Event: 76.381 GC heap before
{Heap before GC invocations=25 (full 0):
 garbage-first heap   total 95232K, used 83666K [0x0000000083a00000, 0x0000000100000000)
  region size 1024K, 51 young (52224K), 4 survivors (4096K)
 Metaspace       used 62821K, committed 63680K, reserved 1114112K
  class space    used 8675K, committed 9088K, reserved 1048576K
}
Event: 76.386 GC heap after
{Heap after GC invocations=26 (full 0):
 garbage-first heap   total 95232K, used 38561K [0x0000000083a00000, 0x0000000100000000)
  region size 1024K, 4 young (4096K), 4 survivors (4096K)
 Metaspace       used 62821K, committed 63680K, reserved 1114112K
  class space    used 8675K, committed 9088K, reserved 1048576K
}
Event: 278.000 GC heap before
{Heap before GC invocations=27 (full 0):
 garbage-first heap   total 95232K, used 83617K [0x0000000083a00000, 0x0000000100000000)
  region size 1024K, 49 young (50176K), 4 survivors (4096K)
 Metaspace       used 66802K, committed 67392K, reserved 1114112K
  class space    used 9202K, committed 9472K, reserved 1048576K
}
Event: 278.039 GC heap after
{Heap after GC invocations=28 (full 0):
 garbage-first heap   total 95232K, used 39845K [0x0000000083a00000, 0x0000000100000000)
  region size 1024K, 5 young (5120K), 5 survivors (5120K)
 Metaspace       used 66802K, committed 67392K, reserved 1114112K
  class space    used 9202K, committed 9472K, reserved 1048576K
}

